This file contains any messages produced by compilers while
running configure, to aid debugging if configure makes a mistake.

It was created by thrift configure 0.8.0, which was
generated by GNU Autoconf 2.68.  Invocation command line was

  $ ./configure 

## --------- ##
## Platform. ##
## --------- ##

hostname = SJSWT45-75.opi.com
uname -m = x86_64
uname -r = 2.6.18-128.el5
uname -s = Linux
uname -v = #1 SMP Wed Dec 17 11:41:38 EST 2008

/usr/bin/uname -p = unknown
/bin/uname -X     = unknown

/bin/arch              = x86_64
/usr/bin/arch -k       = unknown
/usr/convex/getsysinfo = unknown
/usr/bin/hostinfo      = unknown
/bin/machine           = unknown
/usr/bin/oslevel       = unknown
/bin/universe          = unknown

PATH: /data/home/yuwei.mu/node-js/dist/bin/
PATH: /data/home/yuwei.mu/xce/bin/
PATH: /opt/Ice-3.3/bin/
PATH: /usr/local/xce-dev/bin
PATH: /opt/java/bin
PATH: /usr/local/xce-dev/ant/bin
PATH: /usr/local/xce-dev/maven/bin
PATH: /usr/kerberos/bin
PATH: /usr/local/bin
PATH: /bin
PATH: /usr/bin
PATH: /data/home/yuwei.mu/bin


## ----------- ##
## Core tests. ##
## ----------- ##

configure:2925: error: cannot find install-sh, install.sh, or shtool in . "."/.

## ---------------- ##
## Cache variables. ##
## ---------------- ##

ac_cv_env_CABAL_CONFIGURE_FLAGS_set=
ac_cv_env_CABAL_CONFIGURE_FLAGS_value=
ac_cv_env_CCC_set=
ac_cv_env_CCC_value=
ac_cv_env_CC_set=
ac_cv_env_CC_value=
ac_cv_env_CFLAGS_set=
ac_cv_env_CFLAGS_value=
ac_cv_env_CPPFLAGS_set=
ac_cv_env_CPPFLAGS_value=
ac_cv_env_CPP_set=
ac_cv_env_CPP_value=
ac_cv_env_CXXCPP_set=
ac_cv_env_CXXCPP_value=
ac_cv_env_CXXFLAGS_set=
ac_cv_env_CXXFLAGS_value=
ac_cv_env_CXX_set=
ac_cv_env_CXX_value=
ac_cv_env_ERLANG_INSTALL_LIB_DIR_set=
ac_cv_env_ERLANG_INSTALL_LIB_DIR_thrift_set=
ac_cv_env_ERLANG_INSTALL_LIB_DIR_thrift_value=
ac_cv_env_ERLANG_INSTALL_LIB_DIR_value=
ac_cv_env_ERLCFLAGS_set=
ac_cv_env_ERLCFLAGS_value=
ac_cv_env_ERLC_set=
ac_cv_env_ERLC_value=
ac_cv_env_ERL_set=
ac_cv_env_ERL_value=
ac_cv_env_GLIB_CFLAGS_set=
ac_cv_env_GLIB_CFLAGS_value=
ac_cv_env_GLIB_LIBS_set=
ac_cv_env_GLIB_LIBS_value=
ac_cv_env_GOARCH_set=
ac_cv_env_GOARCH_value=
ac_cv_env_GOBIN_set=
ac_cv_env_GOBIN_value=
ac_cv_env_GOBJECT_CFLAGS_set=
ac_cv_env_GOBJECT_CFLAGS_value=
ac_cv_env_GOBJECT_LIBS_set=
ac_cv_env_GOBJECT_LIBS_value=
ac_cv_env_GOROOT_set=
ac_cv_env_GOROOT_value=
ac_cv_env_INSTALLDIRS_set=
ac_cv_env_INSTALLDIRS_value=
ac_cv_env_JAVA_PREFIX_set=
ac_cv_env_JAVA_PREFIX_value=
ac_cv_env_LDFLAGS_set=
ac_cv_env_LDFLAGS_value=
ac_cv_env_LIBS_set=
ac_cv_env_LIBS_value=
ac_cv_env_MONO_CFLAGS_set=
ac_cv_env_MONO_CFLAGS_value=
ac_cv_env_MONO_LIBS_set=
ac_cv_env_MONO_LIBS_value=
ac_cv_env_PERL_PREFIX_set=
ac_cv_env_PERL_PREFIX_value=
ac_cv_env_PHP_CONFIG_PREFIX_set=
ac_cv_env_PHP_CONFIG_PREFIX_value=
ac_cv_env_PHP_PREFIX_set=
ac_cv_env_PHP_PREFIX_value=
ac_cv_env_PKG_CONFIG_LIBDIR_set=
ac_cv_env_PKG_CONFIG_LIBDIR_value=
ac_cv_env_PKG_CONFIG_PATH_set=
ac_cv_env_PKG_CONFIG_PATH_value=
ac_cv_env_PKG_CONFIG_set=
ac_cv_env_PKG_CONFIG_value=
ac_cv_env_PY_PREFIX_set=
ac_cv_env_PY_PREFIX_value=
ac_cv_env_RUBY_PREFIX_set=
ac_cv_env_RUBY_PREFIX_value=
ac_cv_env_YACC_set=
ac_cv_env_YACC_value=
ac_cv_env_YFLAGS_set=
ac_cv_env_YFLAGS_value=
ac_cv_env_build_alias_set=
ac_cv_env_build_alias_value=
ac_cv_env_host_alias_set=
ac_cv_env_host_alias_value=
ac_cv_env_target_alias_set=
ac_cv_env_target_alias_value=

## ----------------- ##
## Output variables. ##
## ----------------- ##

ACLOCAL=''
ALLOCA=''
AMDEPBACKSLASH=''
AMDEP_FALSE=''
AMDEP_TRUE=''
AMTAR=''
AMX_HAVE_LIBEVENT_FALSE=''
AMX_HAVE_LIBEVENT_TRUE=''
AMX_HAVE_ZLIB_FALSE=''
AMX_HAVE_ZLIB_TRUE=''
ANT=''
ANT_FLAGS=''
AR=''
AUTOCONF=''
AUTOHEADER=''
AUTOMAKE=''
AWK=''
BOOST_CPPFLAGS=''
BOOST_LDFLAGS=''
BOOST_ROOT_PATH=''
BUNDLER=''
CABAL=''
CABAL_CONFIGURE_FLAGS=''
CC=''
CCDEPMODE=''
CFLAGS=''
CLASSPATH=''
CPP=''
CPPFLAGS=''
CXX=''
CXXCPP=''
CXXDEPMODE=''
CXXFLAGS=''
CYGPATH_W=''
DEFS=''
DEPDIR=''
DSYMUTIL=''
DUMPBIN=''
ECHO_C=''
ECHO_N='-n'
ECHO_T=''
EGREP=''
ENABLE_COVERAGE=''
ERL=''
ERLANG_INSTALL_LIB_DIR=''
ERLANG_INSTALL_LIB_DIR_thrift=''
ERLANG_LIB_DIR=''
ERLC=''
ERLCFLAGS=''
EXEEXT=''
FGREP=''
GCOV_CFLAGS=''
GCOV_CXXFLAGS=''
GCOV_LDFLAGS=''
GLIB_CFLAGS=''
GLIB_LIBS=''
GOARCH=''
GOBIN=''
GOBJECT_CFLAGS=''
GOBJECT_LIBS=''
GOINSTALL=''
GOMAKE=''
GOROOT=''
GO_C=''
GO_L=''
GREP=''
HAVE_BUNDLER_FALSE=''
HAVE_BUNDLER_TRUE=''
INSTALLDIRS=''
INSTALL_DATA=''
INSTALL_PROGRAM=''
INSTALL_SCRIPT=''
INSTALL_STRIP_PROGRAM=''
JAVA_PREFIX=''
LD=''
LDFLAGS=''
LEX=''
LEXLIB=''
LEX_OUTPUT_ROOT=''
LIBEVENT_CPPFLAGS=''
LIBEVENT_LDFLAGS=''
LIBEVENT_LIBS=''
LIBOBJS=''
LIBS=''
LIBTOOL=''
LIPO=''
LN_S=''
LTLIBOBJS=''
MAKEINFO=''
MKDIR_P=''
MONO_CFLAGS=''
MONO_LIBS=''
NET_2_0_FALSE=''
NET_2_0_TRUE=''
NM=''
NMEDIT=''
OBJDUMP=''
OBJEXT=''
OTOOL64=''
OTOOL=''
PACKAGE=''
PACKAGE_BUGREPORT=''
PACKAGE_NAME='thrift'
PACKAGE_STRING='thrift 0.8.0'
PACKAGE_TARNAME='thrift'
PACKAGE_URL=''
PACKAGE_VERSION='0.8.0'
PATH_SEPARATOR=':'
PERL=''
PERL_PREFIX=''
PHP=''
PHP_CONFIG=''
PHP_CONFIG_PREFIX=''
PHP_PREFIX=''
PKG_CONFIG=''
PKG_CONFIG_LIBDIR=''
PKG_CONFIG_PATH=''
PYTHON=''
PYTHON_EXEC_PREFIX=''
PYTHON_PLATFORM=''
PYTHON_PREFIX=''
PYTHON_VERSION=''
PY_PREFIX=''
RAKE=''
RANLIB=''
RUBY=''
RUBY_PREFIX=''
RUNHASKELL=''
SED=''
SET_MAKE=''
SHELL='/bin/sh'
STRIP=''
TRIAL=''
VERSION=''
WITH_BOOSTTHREADS_FALSE=''
WITH_BOOSTTHREADS_TRUE=''
WITH_CPP_FALSE=''
WITH_CPP_TRUE=''
WITH_C_GLIB_FALSE=''
WITH_C_GLIB_TRUE=''
WITH_ERLANG_FALSE=''
WITH_ERLANG_TRUE=''
WITH_GO_FALSE=''
WITH_GO_TRUE=''
WITH_HASKELL_FALSE=''
WITH_HASKELL_TRUE=''
WITH_JAVA_FALSE=''
WITH_JAVA_TRUE=''
WITH_MONO_FALSE=''
WITH_MONO_TRUE=''
WITH_PERL_FALSE=''
WITH_PERL_TRUE=''
WITH_PHP_EXTENSION_FALSE=''
WITH_PHP_EXTENSION_TRUE=''
WITH_PHP_FALSE=''
WITH_PHP_TRUE=''
WITH_PYTHON_FALSE=''
WITH_PYTHON_TRUE=''
WITH_RUBY_FALSE=''
WITH_RUBY_TRUE=''
WITH_TESTS_FALSE=''
WITH_TESTS_TRUE=''
YACC=''
YFLAGS=''
ZLIB_CPPFLAGS=''
ZLIB_LDFLAGS=''
ZLIB_LIBS=''
ac_ct_CC=''
ac_ct_CXX=''
ac_ct_DUMPBIN=''
am__EXEEXT_FALSE=''
am__EXEEXT_TRUE=''
am__fastdepCC_FALSE=''
am__fastdepCC_TRUE=''
am__fastdepCXX_FALSE=''
am__fastdepCXX_TRUE=''
am__include=''
am__isrc=''
am__leading_dot=''
am__quote=''
am__tar=''
am__untar=''
bindir='${exec_prefix}/bin'
build=''
build_alias=''
build_cpu=''
build_os=''
build_vendor=''
datadir='${datarootdir}'
datarootdir='${prefix}/share'
docdir='${datarootdir}/doc/${PACKAGE_TARNAME}'
dvidir='${docdir}'
exec_prefix='NONE'
host=''
host_alias=''
host_cpu=''
host_os=''
host_vendor=''
htmldir='${docdir}'
includedir='${prefix}/include'
infodir='${datarootdir}/info'
install_sh=''
libdir='${exec_prefix}/lib'
libexecdir='${exec_prefix}/libexec'
localedir='${datarootdir}/locale'
localstatedir='${prefix}/var'
mandir='${datarootdir}/man'
mkdir_p=''
oldincludedir='/usr/include'
pdfdir='${docdir}'
pkgpyexecdir=''
pkgpythondir=''
prefix='NONE'
program_transform_name='s,x,x,'
psdir='${docdir}'
pyexecdir=''
pythondir=''
sbindir='${exec_prefix}/sbin'
sharedstatedir='${prefix}/com'
subdirs=''
sysconfdir='${prefix}/etc'
target_alias=''

## ----------- ##
## confdefs.h. ##
## ----------- ##

/* confdefs.h */
#define PACKAGE_NAME "thrift"
#define PACKAGE_TARNAME "thrift"
#define PACKAGE_VERSION "0.8.0"
#define PACKAGE_STRING "thrift 0.8.0"
#define PACKAGE_BUGREPORT ""
#define PACKAGE_URL ""

configure: exit 1
