This file contains any messages produced by compilers while
running configure, to aid debugging if configure makes a mistake.

It was created by Opi_MMseg configure 1.0, which was
generated by GNU Autoconf 2.59.  Invocation command line was

  $ ./configure -prefix=/data/home/lijie/MaxMatch

## --------- ##
## Platform. ##
## --------- ##

hostname = TJSJHL242-157.opi.com
uname -m = x86_64
uname -r = 2.6.18-128.el5
uname -s = Linux
uname -v = #1 SMP Wed Jan 21 10:41:14 EST 2009

/usr/bin/uname -p = unknown
/bin/uname -X     = unknown

/bin/arch              = x86_64
/usr/bin/arch -k       = unknown
/usr/convex/getsysinfo = unknown
hostinfo               = unknown
/bin/machine           = unknown
/usr/bin/oslevel       = unknown
/bin/universe          = unknown

PATH: /opt/Ice-3.3/bin/
PATH: /usr/local/xce-dev/bin
PATH: /opt/java/bin
PATH: /usr/local/xce-dev/ant/bin
PATH: /usr/local/xce-dev/maven/bin
PATH: /usr/kerberos/bin
PATH: /usr/local/bin
PATH: /bin
PATH: /usr/bin
PATH: /data/home/lijie/bin
PATH: /opt/Ice-3.3/bin/


## ----------- ##
## Core tests. ##
## ----------- ##

configure:1359: checking for a BSD-compatible install
configure:1414: result: /usr/bin/install -c
configure:1425: checking whether build environment is sane
configure:1468: result: yes
configure:1533: checking for gawk
configure:1549: found /bin/gawk
configure:1559: result: gawk
configure:1569: checking whether make sets $(MAKE)
configure:1589: result: yes
configure:1814: checking for g++
configure:1830: found /usr/bin/g++
configure:1840: result: g++
configure:1856: checking for C++ compiler version
configure:1859: g++ --version </dev/null >&5
g++ (GCC) 4.1.2 20080704 (Red Hat 4.1.2-44)
Copyright (C) 2006 Free Software Foundation, Inc.
This is free software; see the source for copying conditions.  There is NO
warranty; not even for MERCHANTABILITY or FITNESS FOR A PARTICULAR PURPOSE.

configure:1862: $? = 0
configure:1864: g++ -v </dev/null >&5
Using built-in specs.
Target: x86_64-redhat-linux
Configured with: ../configure --prefix=/usr --mandir=/usr/share/man --infodir=/usr/share/info --enable-shared --enable-threads=posix --enable-checking=release --with-system-zlib --enable-__cxa_atexit --disable-libunwind-exceptions --enable-libgcj-multifile --enable-languages=c,c++,objc,obj-c++,java,fortran,ada --enable-java-awt=gtk --disable-dssi --enable-plugin --with-java-home=/usr/lib/jvm/java-1.4.2-gcj-1.4.2.0/jre --with-cpu=generic --host=x86_64-redhat-linux
Thread model: posix
gcc version 4.1.2 20080704 (Red Hat 4.1.2-44)
configure:1867: $? = 0
configure:1869: g++ -V </dev/null >&5
g++: '-V' option must have argument
configure:1872: $? = 1
configure:1895: checking for C++ compiler default output file name
configure:1898: g++    conftest.cc  >&5
configure:1901: $? = 0
configure:1947: result: a.out
configure:1952: checking whether the C++ compiler works
configure:1958: ./a.out
configure:1961: $? = 0
configure:1978: result: yes
configure:1985: checking whether we are cross compiling
configure:1987: result: no
configure:1990: checking for suffix of executables
configure:1992: g++ -o conftest    conftest.cc  >&5
configure:1995: $? = 0
configure:2020: result: 
configure:2026: checking for suffix of object files
configure:2047: g++ -c   conftest.cc >&5
configure:2050: $? = 0
configure:2072: result: o
configure:2076: checking whether we are using the GNU C++ compiler
configure:2100: g++ -c   conftest.cc >&5
configure:2106: $? = 0
configure:2110: test -z 
			 || test ! -s conftest.err
configure:2113: $? = 0
configure:2116: test -s conftest.o
configure:2119: $? = 0
configure:2132: result: yes
configure:2138: checking whether g++ accepts -g
configure:2159: g++ -c -g  conftest.cc >&5
configure:2165: $? = 0
configure:2169: test -z 
			 || test ! -s conftest.err
configure:2172: $? = 0
configure:2175: test -s conftest.o
configure:2178: $? = 0
configure:2189: result: yes
configure:2231: g++ -c -g -O2  conftest.cc >&5
configure:2237: $? = 0
configure:2241: test -z 
			 || test ! -s conftest.err
configure:2244: $? = 0
configure:2247: test -s conftest.o
configure:2250: $? = 0
configure:2276: g++ -c -g -O2  conftest.cc >&5
conftest.cc: In function 'int main()':
conftest.cc:15: error: 'exit' was not declared in this scope
configure:2282: $? = 1
configure: failed program was:
| /* confdefs.h.  */
| 
| #define PACKAGE_NAME "Opi_MMseg"
| #define PACKAGE_TARNAME "opi_mmseg"
| #define PACKAGE_VERSION "1.0"
| #define PACKAGE_STRING "Opi_MMseg 1.0"
| #define PACKAGE_BUGREPORT ""
| #define PACKAGE "Opi_MMseg"
| #define VERSION "1.0"
| /* end confdefs.h.  */
| 
| int
| main ()
| {
| exit (42);
|   ;
|   return 0;
| }
configure:2231: g++ -c -g -O2  conftest.cc >&5
configure:2237: $? = 0
configure:2241: test -z 
			 || test ! -s conftest.err
configure:2244: $? = 0
configure:2247: test -s conftest.o
configure:2250: $? = 0
configure:2276: g++ -c -g -O2  conftest.cc >&5
configure:2282: $? = 0
configure:2286: test -z 
			 || test ! -s conftest.err
configure:2289: $? = 0
configure:2292: test -s conftest.o
configure:2295: $? = 0
configure:2329: checking for style of include used by make
configure:2357: result: GNU
configure:2385: checking dependency style of g++
configure:2475: result: gcc3
configure:2538: checking for gcc
configure:2554: found /usr/bin/gcc
configure:2564: result: gcc
configure:2808: checking for C compiler version
configure:2811: gcc --version </dev/null >&5
gcc (GCC) 4.1.2 20080704 (Red Hat 4.1.2-44)
Copyright (C) 2006 Free Software Foundation, Inc.
This is free software; see the source for copying conditions.  There is NO
warranty; not even for MERCHANTABILITY or FITNESS FOR A PARTICULAR PURPOSE.

configure:2814: $? = 0
configure:2816: gcc -v </dev/null >&5
Using built-in specs.
Target: x86_64-redhat-linux
Configured with: ../configure --prefix=/usr --mandir=/usr/share/man --infodir=/usr/share/info --enable-shared --enable-threads=posix --enable-checking=release --with-system-zlib --enable-__cxa_atexit --disable-libunwind-exceptions --enable-libgcj-multifile --enable-languages=c,c++,objc,obj-c++,java,fortran,ada --enable-java-awt=gtk --disable-dssi --enable-plugin --with-java-home=/usr/lib/jvm/java-1.4.2-gcj-1.4.2.0/jre --with-cpu=generic --host=x86_64-redhat-linux
Thread model: posix
gcc version 4.1.2 20080704 (Red Hat 4.1.2-44)
configure:2819: $? = 0
configure:2821: gcc -V </dev/null >&5
gcc: '-V' option must have argument
configure:2824: $? = 1
configure:2827: checking whether we are using the GNU C compiler
configure:2851: gcc -c   conftest.c >&5
configure:2857: $? = 0
configure:2861: test -z 
			 || test ! -s conftest.err
configure:2864: $? = 0
configure:2867: test -s conftest.o
configure:2870: $? = 0
configure:2883: result: yes
configure:2889: checking whether gcc accepts -g
configure:2910: gcc -c -g  conftest.c >&5
configure:2916: $? = 0
configure:2920: test -z 
			 || test ! -s conftest.err
configure:2923: $? = 0
configure:2926: test -s conftest.o
configure:2929: $? = 0
configure:2940: result: yes
configure:2957: checking for gcc option to accept ANSI C
configure:3027: gcc  -c -g -O2  conftest.c >&5
configure:3033: $? = 0
configure:3037: test -z 
			 || test ! -s conftest.err
configure:3040: $? = 0
configure:3043: test -s conftest.o
configure:3046: $? = 0
configure:3064: result: none needed
configure:3082: gcc -c -g -O2  conftest.c >&5
conftest.c:2: error: expected '=', ',', ';', 'asm' or '__attribute__' before 'me'
configure:3088: $? = 1
configure: failed program was:
| #ifndef __cplusplus
|   choke me
| #endif
configure:3223: checking dependency style of gcc
configure:3313: result: gcc3
configure:3340: checking how to run the C preprocessor
configure:3375: gcc -E  conftest.c
configure:3381: $? = 0
configure:3413: gcc -E  conftest.c
conftest.c:14:28: error: ac_nonexistent.h: No such file or directory
configure:3419: $? = 1
configure: failed program was:
| /* confdefs.h.  */
| 
| #define PACKAGE_NAME "Opi_MMseg"
| #define PACKAGE_TARNAME "opi_mmseg"
| #define PACKAGE_VERSION "1.0"
| #define PACKAGE_STRING "Opi_MMseg 1.0"
| #define PACKAGE_BUGREPORT ""
| #define PACKAGE "Opi_MMseg"
| #define VERSION "1.0"
| #ifdef __cplusplus
| extern "C" void std::exit (int) throw (); using std::exit;
| #endif
| /* end confdefs.h.  */
| #include <ac_nonexistent.h>
configure:3458: result: gcc -E
configure:3482: gcc -E  conftest.c
configure:3488: $? = 0
configure:3520: gcc -E  conftest.c
conftest.c:14:28: error: ac_nonexistent.h: No such file or directory
configure:3526: $? = 1
configure: failed program was:
| /* confdefs.h.  */
| 
| #define PACKAGE_NAME "Opi_MMseg"
| #define PACKAGE_TARNAME "opi_mmseg"
| #define PACKAGE_VERSION "1.0"
| #define PACKAGE_STRING "Opi_MMseg 1.0"
| #define PACKAGE_BUGREPORT ""
| #define PACKAGE "Opi_MMseg"
| #define VERSION "1.0"
| #ifdef __cplusplus
| extern "C" void std::exit (int) throw (); using std::exit;
| #endif
| /* end confdefs.h.  */
| #include <ac_nonexistent.h>
configure:3570: checking for egrep
configure:3580: result: grep -E
configure:3585: checking for ANSI C header files
configure:3610: gcc -c -g -O2  conftest.c >&5
configure:3616: $? = 0
configure:3620: test -z 
			 || test ! -s conftest.err
configure:3623: $? = 0
configure:3626: test -s conftest.o
configure:3629: $? = 0
configure:3718: gcc -o conftest -g -O2   conftest.c  >&5
conftest.c: In function 'main':
conftest.c:31: warning: incompatible implicit declaration of built-in function 'exit'
configure:3721: $? = 0
configure:3723: ./conftest
configure:3726: $? = 0
configure:3741: result: yes
configure:3765: checking for sys/types.h
configure:3781: gcc -c -g -O2  conftest.c >&5
configure:3787: $? = 0
configure:3791: test -z 
			 || test ! -s conftest.err
configure:3794: $? = 0
configure:3797: test -s conftest.o
configure:3800: $? = 0
configure:3811: result: yes
configure:3765: checking for sys/stat.h
configure:3781: gcc -c -g -O2  conftest.c >&5
configure:3787: $? = 0
configure:3791: test -z 
			 || test ! -s conftest.err
configure:3794: $? = 0
configure:3797: test -s conftest.o
configure:3800: $? = 0
configure:3811: result: yes
configure:3765: checking for stdlib.h
configure:3781: gcc -c -g -O2  conftest.c >&5
configure:3787: $? = 0
configure:3791: test -z 
			 || test ! -s conftest.err
configure:3794: $? = 0
configure:3797: test -s conftest.o
configure:3800: $? = 0
configure:3811: result: yes
configure:3765: checking for string.h
configure:3781: gcc -c -g -O2  conftest.c >&5
configure:3787: $? = 0
configure:3791: test -z 
			 || test ! -s conftest.err
configure:3794: $? = 0
configure:3797: test -s conftest.o
configure:3800: $? = 0
configure:3811: result: yes
configure:3765: checking for memory.h
configure:3781: gcc -c -g -O2  conftest.c >&5
configure:3787: $? = 0
configure:3791: test -z 
			 || test ! -s conftest.err
configure:3794: $? = 0
configure:3797: test -s conftest.o
configure:3800: $? = 0
configure:3811: result: yes
configure:3765: checking for strings.h
configure:3781: gcc -c -g -O2  conftest.c >&5
configure:3787: $? = 0
configure:3791: test -z 
			 || test ! -s conftest.err
configure:3794: $? = 0
configure:3797: test -s conftest.o
configure:3800: $? = 0
configure:3811: result: yes
configure:3765: checking for inttypes.h
configure:3781: gcc -c -g -O2  conftest.c >&5
configure:3787: $? = 0
configure:3791: test -z 
			 || test ! -s conftest.err
configure:3794: $? = 0
configure:3797: test -s conftest.o
configure:3800: $? = 0
configure:3811: result: yes
configure:3765: checking for stdint.h
configure:3781: gcc -c -g -O2  conftest.c >&5
configure:3787: $? = 0
configure:3791: test -z 
			 || test ! -s conftest.err
configure:3794: $? = 0
configure:3797: test -s conftest.o
configure:3800: $? = 0
configure:3811: result: yes
configure:3765: checking for unistd.h
configure:3781: gcc -c -g -O2  conftest.c >&5
configure:3787: $? = 0
configure:3791: test -z 
			 || test ! -s conftest.err
configure:3794: $? = 0
configure:3797: test -s conftest.o
configure:3800: $? = 0
configure:3811: result: yes
configure:3828: checking for stdlib.h
configure:3833: result: yes
configure:3975: checking for stdbool.h that conforms to C99
configure:4028: gcc -c -g -O2  conftest.c >&5
configure:4034: $? = 0
configure:4038: test -z 
			 || test ! -s conftest.err
configure:4041: $? = 0
configure:4044: test -s conftest.o
configure:4047: $? = 0
configure:4058: result: yes
configure:4060: checking for _Bool
configure:4084: gcc -c -g -O2  conftest.c >&5
configure:4090: $? = 0
configure:4094: test -z 
			 || test ! -s conftest.err
configure:4097: $? = 0
configure:4100: test -s conftest.o
configure:4103: $? = 0
configure:4114: result: yes
configure:4133: checking for an ANSI C-conforming const
configure:4200: gcc -c -g -O2  conftest.c >&5
configure:4206: $? = 0
configure:4210: test -z 
			 || test ! -s conftest.err
configure:4213: $? = 0
configure:4216: test -s conftest.o
configure:4219: $? = 0
configure:4230: result: yes
configure:4240: checking for inline
configure:4261: gcc -c -g -O2  conftest.c >&5
configure:4267: $? = 0
configure:4271: test -z 
			 || test ! -s conftest.err
configure:4274: $? = 0
configure:4277: test -s conftest.o
configure:4280: $? = 0
configure:4292: result: inline
configure:4311: checking for size_t
configure:4335: gcc -c -g -O2  conftest.c >&5
configure:4341: $? = 0
configure:4345: test -z 
			 || test ! -s conftest.err
configure:4348: $? = 0
configure:4351: test -s conftest.o
configure:4354: $? = 0
configure:4365: result: yes
configure:4496: creating ./config.status

## ---------------------- ##
## Running config.status. ##
## ---------------------- ##

This file was extended by Opi_MMseg config.status 1.0, which was
generated by GNU Autoconf 2.59.  Invocation command line was

  CONFIG_FILES    = 
  CONFIG_HEADERS  = 
  CONFIG_LINKS    = 
  CONFIG_COMMANDS = 
  $ ./config.status 

on TJSJHL242-157.opi.com

config.status:695: creating Makefile
config.status:799: creating config.h
config.status:1091: executing depfiles commands

## ---------------- ##
## Cache variables. ##
## ---------------- ##

ac_cv_c_compiler_gnu=yes
ac_cv_c_const=yes
ac_cv_c_inline=inline
ac_cv_cxx_compiler_gnu=yes
ac_cv_env_CC_set=
ac_cv_env_CC_value=
ac_cv_env_CFLAGS_set=
ac_cv_env_CFLAGS_value=
ac_cv_env_CPPFLAGS_set=
ac_cv_env_CPPFLAGS_value=
ac_cv_env_CPP_set=
ac_cv_env_CPP_value=
ac_cv_env_CXXFLAGS_set=
ac_cv_env_CXXFLAGS_value=
ac_cv_env_CXX_set=
ac_cv_env_CXX_value=
ac_cv_env_LDFLAGS_set=
ac_cv_env_LDFLAGS_value=
ac_cv_env_build_alias_set=
ac_cv_env_build_alias_value=
ac_cv_env_host_alias_set=
ac_cv_env_host_alias_value=
ac_cv_env_target_alias_set=
ac_cv_env_target_alias_value=
ac_cv_exeext=
ac_cv_header_inttypes_h=yes
ac_cv_header_memory_h=yes
ac_cv_header_stdbool_h=yes
ac_cv_header_stdc=yes
ac_cv_header_stdint_h=yes
ac_cv_header_stdlib_h=yes
ac_cv_header_string_h=yes
ac_cv_header_strings_h=yes
ac_cv_header_sys_stat_h=yes
ac_cv_header_sys_types_h=yes
ac_cv_header_unistd_h=yes
ac_cv_objext=o
ac_cv_path_install='/usr/bin/install -c'
ac_cv_prog_AWK=gawk
ac_cv_prog_CPP='gcc -E'
ac_cv_prog_ac_ct_CC=gcc
ac_cv_prog_ac_ct_CXX=g++
ac_cv_prog_cc_g=yes
ac_cv_prog_cc_stdc=
ac_cv_prog_cxx_g=yes
ac_cv_prog_egrep='grep -E'
ac_cv_prog_make_make_set=yes
ac_cv_type__Bool=yes
ac_cv_type_size_t=yes
am_cv_CC_dependencies_compiler_type=gcc3
am_cv_CXX_dependencies_compiler_type=gcc3

## ----------------- ##
## Output variables. ##
## ----------------- ##

ACLOCAL='${SHELL} /data/home/lijie/MaxMatch/missing --run aclocal-1.9'
AMDEPBACKSLASH='\'
AMDEP_FALSE='#'
AMDEP_TRUE=''
AMTAR='${SHELL} /data/home/lijie/MaxMatch/missing --run tar'
AUTOCONF='${SHELL} /data/home/lijie/MaxMatch/missing --run autoconf'
AUTOHEADER='${SHELL} /data/home/lijie/MaxMatch/missing --run autoheader'
AUTOMAKE='${SHELL} /data/home/lijie/MaxMatch/missing --run automake-1.9'
AWK='gawk'
CC='gcc'
CCDEPMODE='depmode=gcc3'
CFLAGS='-g -O2'
CPP='gcc -E'
CPPFLAGS=''
CXX='g++'
CXXDEPMODE='depmode=gcc3'
CXXFLAGS='-g -O2'
CYGPATH_W='echo'
DEFS='-DHAVE_CONFIG_H'
DEPDIR='.deps'
ECHO_C=''
ECHO_N='-n'
ECHO_T=''
EGREP='grep -E'
EXEEXT=''
INSTALL_DATA='${INSTALL} -m 644'
INSTALL_PROGRAM='${INSTALL}'
INSTALL_SCRIPT='${INSTALL}'
INSTALL_STRIP_PROGRAM='${SHELL} $(install_sh) -c -s'
LDFLAGS=''
LIBOBJS=''
LIBS=''
LTLIBOBJS=''
MAKEINFO='${SHELL} /data/home/lijie/MaxMatch/missing --run makeinfo'
OBJEXT='o'
PACKAGE='Opi_MMseg'
PACKAGE_BUGREPORT=''
PACKAGE_NAME='Opi_MMseg'
PACKAGE_STRING='Opi_MMseg 1.0'
PACKAGE_TARNAME='opi_mmseg'
PACKAGE_VERSION='1.0'
PATH_SEPARATOR=':'
SET_MAKE=''
SHELL='/bin/sh'
STRIP=''
VERSION='1.0'
ac_ct_CC='gcc'
ac_ct_CXX='g++'
ac_ct_STRIP=''
am__fastdepCC_FALSE='#'
am__fastdepCC_TRUE=''
am__fastdepCXX_FALSE='#'
am__fastdepCXX_TRUE=''
am__include='include'
am__leading_dot='.'
am__quote=''
am__tar='${AMTAR} chof - "$$tardir"'
am__untar='${AMTAR} xf -'
bindir='${exec_prefix}/bin'
build_alias=''
datadir='${prefix}/share'
exec_prefix='${prefix}'
host_alias=''
includedir='${prefix}/include'
infodir='${prefix}/info'
install_sh='/data/home/lijie/MaxMatch/install-sh'
libdir='${exec_prefix}/lib'
libexecdir='${exec_prefix}/libexec'
localstatedir='${prefix}/var'
mandir='${prefix}/man'
mkdir_p='mkdir -p --'
oldincludedir='/usr/include'
prefix='/data/home/lijie/MaxMatch'
program_transform_name='s,x,x,'
sbindir='${exec_prefix}/sbin'
sharedstatedir='${prefix}/com'
sysconfdir='${prefix}/etc'
target_alias=''

## ----------- ##
## confdefs.h. ##
## ----------- ##

#define HAVE_INTTYPES_H 1
#define HAVE_MEMORY_H 1
#define HAVE_STDBOOL_H 1
#define HAVE_STDINT_H 1
#define HAVE_STDLIB_H 1
#define HAVE_STDLIB_H 1
#define HAVE_STRINGS_H 1
#define HAVE_STRING_H 1
#define HAVE_SYS_STAT_H 1
#define HAVE_SYS_TYPES_H 1
#define HAVE_UNISTD_H 1
#define HAVE__BOOL 1
#define PACKAGE "Opi_MMseg"
#define PACKAGE_BUGREPORT ""
#define PACKAGE_NAME "Opi_MMseg"
#define PACKAGE_STRING "Opi_MMseg 1.0"
#define PACKAGE_TARNAME "opi_mmseg"
#define PACKAGE_VERSION "1.0"
#define STDC_HEADERS 1
#define VERSION "1.0"
#endif
#ifdef __cplusplus
extern "C" void std::exit (int) throw (); using std::exit;

configure: exit 0
